[debug] [2025-03-13T14:06:05.161Z] ----------------------------------------------------------------------
[debug] [2025-03-13T14:06:05.166Z] Command:       C:\Program Files\nodejs\node.exe C:\Users\vider\AppData\Roaming\npm\node_modules\firebase-tools\lib\bin\firebase.js functions:shell
[debug] [2025-03-13T14:06:05.166Z] CLI Version:   13.17.0
[debug] [2025-03-13T14:06:05.167Z] Platform:      win32
[debug] [2025-03-13T14:06:05.167Z] Node Version:  v20.14.0
[debug] [2025-03-13T14:06:05.167Z] Time:          Thu Mar 13 2025 16:06:05 GMT+0200 (Israel Standard Time)
[debug] [2025-03-13T14:06:05.167Z] ----------------------------------------------------------------------
[debug] 
[debug] [2025-03-13T14:06:05.170Z] >>> [apiv2][query] GET https://firebase-public.firebaseio.com/cli.json [none]
[debug] [2025-03-13T14:06:05.268Z] > command requires scopes: ["email","openid","https://www.googleapis.com/auth/cloudplatformprojects.readonly","https://www.googleapis.com/auth/firebase","https://www.googleapis.com/auth/cloud-platform"]
[debug] [2025-03-13T14:06:05.268Z] > authorizing via signed-in user (viderboom@gmail.com)
[debug] [2025-03-13T14:06:05.268Z] [iam] checking project prati-19b90 for permissions ["firebase.projects.get"]
[debug] [2025-03-13T14:06:05.269Z] > refreshing access token with scopes: []
[debug] [2025-03-13T14:06:05.270Z] >>> [apiv2][query] POST https://www.googleapis.com/oauth2/v3/token [none]
[debug] [2025-03-13T14:06:05.270Z] >>> [apiv2][body] POST https://www.googleapis.com/oauth2/v3/token [omitted]
[debug] [2025-03-13T14:06:05.726Z] <<< [apiv2][status] POST https://www.googleapis.com/oauth2/v3/token 200
[debug] [2025-03-13T14:06:05.727Z] <<< [apiv2][body] POST https://www.googleapis.com/oauth2/v3/token [omitted]
[debug] [2025-03-13T14:06:05.735Z] >>> [apiv2][query] POST https://cloudresourcemanager.googleapis.com/v1/projects/prati-19b90:testIamPermissions [none]
[debug] [2025-03-13T14:06:05.735Z] >>> [apiv2][(partial)header] POST https://cloudresourcemanager.googleapis.com/v1/projects/prati-19b90:testIamPermissions x-goog-quota-user=projects/prati-19b90
[debug] [2025-03-13T14:06:05.735Z] >>> [apiv2][body] POST https://cloudresourcemanager.googleapis.com/v1/projects/prati-19b90:testIamPermissions {"permissions":["firebase.projects.get"]}
[debug] [2025-03-13T14:06:06.436Z] <<< [apiv2][status] POST https://cloudresourcemanager.googleapis.com/v1/projects/prati-19b90:testIamPermissions 200
[debug] [2025-03-13T14:06:06.436Z] <<< [apiv2][body] POST https://cloudresourcemanager.googleapis.com/v1/projects/prati-19b90:testIamPermissions {"permissions":["firebase.projects.get"]}
[debug] [2025-03-13T14:06:06.452Z] [functions] Functions Emulator only supports listening on one address (127.0.0.1). Not listening on ::1
[debug] [2025-03-13T14:06:06.455Z] defaultcredentials: writing to file C:\Users\vider\AppData\Roaming\firebase\viderboom_gmail_com_application_default_credentials.json
[debug] [2025-03-13T14:06:06.456Z] DEBUG: Setting GAC to C:\Users\vider\AppData\Roaming\firebase\viderboom_gmail_com_application_default_credentials.json
[debug] [2025-03-13T14:06:06.456Z] >>> [apiv2][query] GET https://firebase.googleapis.com/v1beta1/projects/prati-19b90/adminSdkConfig [none]
[debug] [2025-03-13T14:06:06.788Z] <<< [apiv2][status] GET https://firebase-public.firebaseio.com/cli.json 200
[debug] [2025-03-13T14:06:06.789Z] <<< [apiv2][body] GET https://firebase-public.firebaseio.com/cli.json {"cloudBuildErrorAfter":1594252800000,"cloudBuildWarnAfter":1590019200000,"defaultNode10After":1594252800000,"minVersion":"3.0.5","node8DeploysDisabledAfter":1613390400000,"node8RuntimeDisabledAfter":1615809600000,"node8WarnAfter":1600128000000}
[debug] [2025-03-13T14:06:07.252Z] <<< [apiv2][status] GET https://firebase.googleapis.com/v1beta1/projects/prati-19b90/adminSdkConfig 200
[debug] [2025-03-13T14:06:07.252Z] <<< [apiv2][body] GET https://firebase.googleapis.com/v1beta1/projects/prati-19b90/adminSdkConfig {"projectId":"prati-19b90","storageBucket":"prati-19b90.firebasestorage.app"}
[debug] [2025-03-13T14:06:07.284Z] [functions] Watching "C:\Users\vider\OneDrive\Desktop\apps\Prati App\prati\functions" for Cloud Functions...
[debug] [2025-03-13T14:06:07.288Z] Validating nodejs source
[warn] !  functions: package.json indicates an outdated version of firebase-functions. Please upgrade using npm install --save firebase-functions@latest in your functions directory. 
[debug] [2025-03-13T14:06:09.409Z] > [functions] package.json contents: {
  "type": "module",
  "name": "functions",
  "description": "Cloud Functions for Firebase",
  "scripts": {
    "lint": "eslint .",
    "serve": "firebase emulators:start --only functions",
    "shell": "firebase functions:shell",
    "start": "npm run shell",
    "deploy": "firebase deploy --only functions",
    "logs": "firebase functions:log"
  },
  "engines": {
    "node": "20"
  },
  "main": "index.js",
  "dependencies": {
    "cors": "^2.8.5",
    "firebase-admin": "^12.7.0",
    "firebase-functions": "^6.3.1",
    "luxon": "^3.5.0",
    "rrule": "^2.8.1",
    "twilio": "^5.4.0"
  },
  "devDependencies": {
    "@eslint/js": "^9.18.0",
    "eslint": "^8.57.1",
    "eslint-config-google": "^0.14.0",
    "eslint-plugin-react": "^7.37.4",
    "globals": "^15.14.0"
  },
  "private": true
}
[debug] [2025-03-13T14:06:09.410Z] Building nodejs source
[debug] [2025-03-13T14:06:09.410Z] Failed to find version of module node: reached end of search path C:\Users\vider\OneDrive\Desktop\apps\Prati App\prati\functions\node_modules
[info] +  functions: Using node@20 from host. 
[debug] [2025-03-13T14:06:09.412Z] Could not find functions.yaml. Must use http discovery
[debug] [2025-03-13T14:06:09.417Z] Found firebase-functions binary at 'C:\Users\vider\OneDrive\Desktop\apps\Prati App\prati\functions\node_modules\.bin\firebase-functions'
[info] Serving at port 8874

[debug] [2025-03-13T14:06:10.899Z] Got response from /__/functions.yaml {"endpoints":{"dailySummary":{"availableMemoryMb":null,"timeoutSeconds":null,"minInstances":null,"maxInstances":null,"ingressSettings":null,"concurrency":null,"serviceAccountEmail":null,"vpc":null,"platform":"gcfv2","labels":{},"scheduleTrigger":{"schedule":"30 23 * * *","retryConfig":{},"timeZone":"Asia/Jerusalem"},"entryPoint":"dailySummary"},"monthlySummary":{"availableMemoryMb":null,"timeoutSeconds":null,"minInstances":null,"maxInstances":null,"ingressSettings":null,"concurrency":null,"serviceAccountEmail":null,"vpc":null,"platform":"gcfv2","secretEnvironmentVariables":[{"key":"TWILIO_ACCOUNT_SID"},{"key":"TWILIO_AUTH_TOKEN"}],"labels":{},"scheduleTrigger":{"schedule":"0 5 1 * *","retryConfig":{},"timeZone":"Asia/Jerusalem"},"entryPoint":"monthlySummary"}},"specVersion":"v1alpha1","requiredAPIs":[{"api":"cloudscheduler.googleapis.com","reason":"Needed for scheduled functions."}],"extensions":{},"params":[{"type":"secret","name":"TWILIO_ACCOUNT_SID"},{"type":"secret","name":"TWILIO_AUTH_TOKEN"}]}
[debug] [2025-03-13T14:06:15.965Z] [functions] Loaded functions definitions from source: dailySummary, monthlySummary.
[debug] [2025-03-13T14:06:15.966Z] [functions[us-central1-dailySummary]] function ignored because the pubsub emulator does not exist or is not running.
[debug] [2025-03-13T14:06:15.966Z] [functions[us-central1-monthlySummary]] function ignored because the pubsub emulator does not exist or is not running.
[info] i  functions: Loaded functions: dailySummary, monthlySummary 
[warn] !  functions: The following emulators are not running, calls to these services will affect production: firestore, database, pubsub, storage, eventarc, tasks 
[debug] [2025-03-13T14:06:20.133Z] shell:dailySummary: trigger={"entryPoint":"dailySummary","platform":"gcfv2","region":"us-central1","name":"dailySummary","id":"us-central1-dailySummary","codebase":"default","availableMemoryMb":256,"labels":{"EVENTARC_CLOUD_EVENT_SOURCE":"run-emulated.googleapis.com/projects/prati-19b90/locations/us-central1/services/dailySummary"},"timeoutSeconds":60,"secretEnvironmentVariables":[],"eventTrigger":{"eventType":"pubsub","resource":""},"schedule":{"schedule":"30 23 * * *","timeZone":"Asia/Jerusalem","retryConfig":{}}}
[debug] [2025-03-13T14:06:20.133Z] shell:dailySummary: opts={}, data={}
[debug] [2025-03-13T14:06:20.149Z] DEBUG: [worker-pool] addWorker(us-central1-dailySummary)
[debug] [2025-03-13T14:06:20.150Z] DEBUG: [worker-pool] Adding worker with key us-central1-dailySummary, total=1
[debug] [2025-03-13T14:06:21.100Z] DEBUG: [runtime-status] [34416] Resolved module firebase-admin {"declared":true,"installed":true,"version":"12.7.0","resolution":"C:\\Users\\vider\\OneDrive\\Desktop\\apps\\Prati App\\prati\\functions\\node_modules\\firebase-admin\\lib\\index.js"}
[debug] [2025-03-13T14:06:21.101Z] DEBUG: [runtime-status] [34416] Resolved module firebase-functions {"declared":true,"installed":true,"version":"6.3.1","resolution":"C:\\Users\\vider\\OneDrive\\Desktop\\apps\\Prati App\\prati\\functions\\node_modules\\firebase-functions\\lib\\v2\\index.js"}
[debug] [2025-03-13T14:06:21.101Z] DEBUG: [runtime-status] [34416] Outgoing network have been stubbed. [{"name":"http","status":"mocked"},{"name":"http","status":"mocked"},{"name":"https","status":"mocked"},{"name":"https","status":"mocked"},{"name":"net","status":"mocked"}]
[debug] [2025-03-13T14:06:21.102Z] DEBUG: [runtime-status] [34416] Resolved module firebase-functions {"declared":true,"installed":true,"version":"6.3.1","resolution":"C:\\Users\\vider\\OneDrive\\Desktop\\apps\\Prati App\\prati\\functions\\node_modules\\firebase-functions\\lib\\v2\\index.js"}
[debug] [2025-03-13T14:06:21.488Z] DEBUG: [runtime-status] [34416] Checked functions.config() {"config":{}}
[debug] [2025-03-13T14:06:21.489Z] DEBUG: [runtime-status] [34416] firebase-functions has been stubbed. {"functionsResolution":{"declared":true,"installed":true,"version":"6.3.1","resolution":"C:\\Users\\vider\\OneDrive\\Desktop\\apps\\Prati App\\prati\\functions\\node_modules\\firebase-functions\\lib\\v2\\index.js"}}
[debug] [2025-03-13T14:06:21.489Z] DEBUG: [runtime-status] [34416] Resolved module firebase-functions {"declared":true,"installed":true,"version":"6.3.1","resolution":"C:\\Users\\vider\\OneDrive\\Desktop\\apps\\Prati App\\prati\\functions\\node_modules\\firebase-functions\\lib\\v2\\index.js"}
[debug] [2025-03-13T14:06:21.497Z] DEBUG: [runtime-status] [34416] Resolved module firebase-admin {"declared":true,"installed":true,"version":"12.7.0","resolution":"C:\\Users\\vider\\OneDrive\\Desktop\\apps\\Prati App\\prati\\functions\\node_modules\\firebase-admin\\lib\\index.js"}
[debug] [2025-03-13T14:06:21.508Z] DEBUG: [runtime-status] [34416] Resolved module firebase-functions {"declared":true,"installed":true,"version":"6.3.1","resolution":"C:\\Users\\vider\\OneDrive\\Desktop\\apps\\Prati App\\prati\\functions\\node_modules\\firebase-functions\\lib\\v2\\index.js"}
[debug] [2025-03-13T14:06:21.509Z] DEBUG: [runtime-status] [34416] firebase-admin has been stubbed. {"adminResolution":{"declared":true,"installed":true,"version":"12.7.0","resolution":"C:\\Users\\vider\\OneDrive\\Desktop\\apps\\Prati App\\prati\\functions\\node_modules\\firebase-admin\\lib\\index.js"}}
[debug] [2025-03-13T14:06:21.796Z] DEBUG: [runtime-status] [34416] Functions runtime initialized. {"cwd":"C:\\Users\\vider\\OneDrive\\Desktop\\apps\\Prati App\\prati\\functions","node_version":"20.14.0"}
[debug] [2025-03-13T14:06:21.797Z] DEBUG: [runtime-status] [34416] Listening to port: \\?\pipe\fire_emu_01f8b47b617a8598
[debug] [2025-03-13T14:06:21.804Z] DEBUG: [worker-us-central1-dailySummary-ba64c206-8086-4f47-bdd1-f742bd39a25c]: IDLE
[info] >  Starting dailySummary. {"user":"Starting dailySummary.","metadata":{"emulator":{"name":"functions"},"function":{"name":"us-central1-dailySummary"},"extension":{},"message":"\u001b[90m> \u001b[39m Starting dailySummary."}}
[warn] !  Google API requested!
   - URL: "https://oauth2.googleapis.com/token"
   - Be careful, this may be a production service. {"metadata":{"emulator":{"name":"functions"},"function":{"name":"us-central1-dailySummary"},"extension":{},"message":"Google API requested!\n   - URL: \"https://oauth2.googleapis.com/token\"\n   - Be careful, this may be a production service."}}
[info] >  Sessions successfully saved. {"user":"Sessions successfully saved.","metadata":{"emulator":{"name":"functions"},"function":{"name":"us-central1-dailySummary"},"extension":{},"message":"\u001b[90m> \u001b[39m Sessions successfully saved."}}
